10:32:45.114 [restartedMain] DEBUG o.s.w.f.CommonsRequestLoggingFilter - Filter 'logFilter' configured for use
10:33:28.399 [http-nio-8080-exec-1] DEBUG o.s.w.f.CommonsRequestLoggingFilter - Before request [OPTIONS /posts/47]
10:33:28.401 [http-nio-8080-exec-1] DEBUG o.s.w.f.CommonsRequestLoggingFilter - REQUEST DATA: OPTIONS /posts/47]
10:33:28.403 [http-nio-8080-exec-2] DEBUG o.s.w.f.CommonsRequestLoggingFilter - Before request [DELETE /posts/47]
10:33:28.420 [http-nio-8080-exec-2] DEBUG o.s.w.f.CommonsRequestLoggingFilter - REQUEST DATA: DELETE /posts/47]
10:33:34.280 [http-nio-8080-exec-3] DEBUG o.s.w.f.CommonsRequestLoggingFilter - Before request [GET /posts]
10:33:34.295 [http-nio-8080-exec-3] DEBUG o.s.w.f.CommonsRequestLoggingFilter - REQUEST DATA: GET /posts]
10:33:34.296 [http-nio-8080-exec-4] DEBUG o.s.w.f.CommonsRequestLoggingFilter - Before request [GET /posts]
10:33:34.302 [http-nio-8080-exec-4] DEBUG o.s.w.f.CommonsRequestLoggingFilter - REQUEST DATA: GET /posts]
10:33:38.966 [http-nio-8080-exec-5] DEBUG o.s.w.f.CommonsRequestLoggingFilter - Before request [OPTIONS /posts/46]
10:33:38.967 [http-nio-8080-exec-5] DEBUG o.s.w.f.CommonsRequestLoggingFilter - REQUEST DATA: OPTIONS /posts/46]
10:33:38.969 [http-nio-8080-exec-6] DEBUG o.s.w.f.CommonsRequestLoggingFilter - Before request [DELETE /posts/46]
10:33:38.978 [http-nio-8080-exec-6] DEBUG o.s.w.f.CommonsRequestLoggingFilter - REQUEST DATA: DELETE /posts/46]
10:33:41.033 [http-nio-8080-exec-7] DEBUG o.s.w.f.CommonsRequestLoggingFilter - Before request [GET /posts]
10:33:41.043 [http-nio-8080-exec-7] DEBUG o.s.w.f.CommonsRequestLoggingFilter - REQUEST DATA: GET /posts]
10:33:41.044 [http-nio-8080-exec-8] DEBUG o.s.w.f.CommonsRequestLoggingFilter - Before request [GET /posts]
10:33:41.050 [http-nio-8080-exec-8] DEBUG o.s.w.f.CommonsRequestLoggingFilter - REQUEST DATA: GET /posts]
10:36:03.209 [restartedMain] DEBUG o.s.w.f.CommonsRequestLoggingFilter - Filter 'logFilter' configured for use
10:36:35.031 [http-nio-8080-exec-1] DEBUG o.s.w.f.CommonsRequestLoggingFilter - Before request [POST /posts]
10:36:35.228 [http-nio-8080-exec-1] DEBUG o.s.w.f.CommonsRequestLoggingFilter - REQUEST DATA: POST /posts, payload={"title":"Test logging","isComplete":false}]
10:36:35.234 [http-nio-8080-exec-2] DEBUG o.s.w.f.CommonsRequestLoggingFilter - Before request [GET /posts]
10:36:35.343 [http-nio-8080-exec-2] DEBUG o.s.w.f.CommonsRequestLoggingFilter - REQUEST DATA: GET /posts]
10:36:35.345 [http-nio-8080-exec-3] DEBUG o.s.w.f.CommonsRequestLoggingFilter - Before request [GET /posts]
10:36:35.353 [http-nio-8080-exec-3] DEBUG o.s.w.f.CommonsRequestLoggingFilter - REQUEST DATA: GET /posts]
10:45:45.415 [http-nio-8080-exec-6] DEBUG o.s.w.f.CommonsRequestLoggingFilter - Before request [POST /posts]
10:45:45.424 [http-nio-8080-exec-6] DEBUG o.s.w.f.CommonsRequestLoggingFilter - REQUEST DATA: POST /posts, payload={"title":"Pick up daughter","isComplete":false}]
10:45:45.431 [http-nio-8080-exec-7] DEBUG o.s.w.f.CommonsRequestLoggingFilter - Before request [GET /posts]
10:45:45.439 [http-nio-8080-exec-7] DEBUG o.s.w.f.CommonsRequestLoggingFilter - REQUEST DATA: GET /posts]
10:45:45.441 [http-nio-8080-exec-8] DEBUG o.s.w.f.CommonsRequestLoggingFilter - Before request [GET /posts]
10:45:45.449 [http-nio-8080-exec-8] DEBUG o.s.w.f.CommonsRequestLoggingFilter - REQUEST DATA: GET /posts]
10:47:18.024 [http-nio-8080-exec-1] DEBUG o.s.w.f.CommonsRequestLoggingFilter - Before request [OPTIONS /posts/49]
10:47:18.031 [http-nio-8080-exec-1] DEBUG o.s.w.f.CommonsRequestLoggingFilter - REQUEST DATA: OPTIONS /posts/49]
10:47:18.033 [http-nio-8080-exec-2] DEBUG o.s.w.f.CommonsRequestLoggingFilter - Before request [PATCH /posts/49]
10:47:18.078 [http-nio-8080-exec-2] DEBUG o.s.w.f.CommonsRequestLoggingFilter - REQUEST DATA: PATCH /posts/49, payload={"isComplete":true}]
10:49:29.397 [http-nio-8080-exec-4] DEBUG o.s.w.f.CommonsRequestLoggingFilter - Before request [GET /posts]
10:49:29.406 [http-nio-8080-exec-4] DEBUG o.s.w.f.CommonsRequestLoggingFilter - REQUEST DATA: GET /posts]
10:49:29.407 [http-nio-8080-exec-5] DEBUG o.s.w.f.CommonsRequestLoggingFilter - Before request [GET /posts]
10:49:29.417 [http-nio-8080-exec-5] DEBUG o.s.w.f.CommonsRequestLoggingFilter - REQUEST DATA: GET /posts]
10:53:54.378 [restartedMain] DEBUG o.s.w.f.CommonsRequestLoggingFilter - Filter 'logFilter' configured for use
